{"contracts\\ClimateDAO.sol":{"l":{"64":2,"65":1,"69":10,"70":9,"71":9,"75":20,"76":20,"89":9,"90":9,"91":8,"93":8,"94":8,"97":8,"107":8,"108":8,"110":8,"118":8,"126":2,"127":1,"129":1,"130":1,"132":1,"140":3,"142":2,"143":2,"146":1,"151":1,"154":1,"155":1,"158":1,"161":1,"163":1,"165":1,"183":1,"185":1,"186":1,"194":2,"195":2,"197":2,"198":2,"206":0,"207":0,"209":0,"210":0,"218":2,"220":1,"221":1,"223":1,"231":0,"232":0,"249":0,"251":0,"252":0,"266":0,"282":0},"path":"C:\\Users\\ez\\Desktop\\climatedao\\contracts\\contracts\\ClimateDAO.sol","s":{"1":2,"2":10,"3":9,"4":9,"5":9,"6":8,"7":8,"8":8,"9":8,"10":8,"11":8,"12":2,"13":1,"14":1,"15":3,"16":2,"17":2,"18":1,"19":1,"20":1,"21":1,"22":1,"23":1,"24":1,"25":1,"26":1,"27":1,"28":2,"29":2,"30":2,"31":0,"32":0,"33":0,"34":2,"35":1,"36":1,"37":0,"38":0,"39":0,"40":0,"41":0,"42":0,"43":0},"b":{"1":[1,1],"2":[1,0],"3":[9,1],"4":[9,0],"5":[9,1],"6":[9,0],"7":[8,1],"8":[8,0],"9":[2,0],"10":[1,1],"11":[1,0],"12":[3,0],"13":[2,1],"14":[1,1],"15":[1,0],"16":[1,0],"17":[1,1],"18":[1,0],"19":[2,0],"20":[2,0],"21":[2,0],"22":[0,0],"23":[0,0],"24":[0,0],"25":[2,0],"26":[1,1],"27":[0,0],"28":[0,0],"29":[0,0],"30":[0,0]},"f":{"1":2,"2":10,"3":20,"4":9,"5":2,"6":3,"7":1,"8":2,"9":0,"10":2,"11":0,"12":0,"13":0,"14":0},"fnMap":{"1":{"name":"onlyModerator","line":63,"loc":{"start":{"line":63,"column":4},"end":{"line":66,"column":4}}},"2":{"name":"validProposalAmount","line":68,"loc":{"start":{"line":68,"column":4},"end":{"line":72,"column":4}}},"3":{"name":"constructor","line":74,"loc":{"start":{"line":74,"column":4},"end":{"line":77,"column":4}}},"4":{"name":"createProposal","line":88,"loc":{"start":{"line":85,"column":4},"end":{"line":119,"column":4}}},"5":{"name":"donateFunds","line":125,"loc":{"start":{"line":125,"column":4},"end":{"line":133,"column":4}}},"6":{"name":"executeProposal","line":139,"loc":{"start":{"line":139,"column":4},"end":{"line":166,"column":4}}},"7":{"name":"updateProposalImpactMetrics","line":182,"loc":{"start":{"line":176,"column":4},"end":{"line":187,"column":4}}},"8":{"name":"addModerator","line":193,"loc":{"start":{"line":193,"column":4},"end":{"line":199,"column":4}}},"9":{"name":"removeModerator","line":205,"loc":{"start":{"line":205,"column":4},"end":{"line":211,"column":4}}},"10":{"name":"updatePlatformFee","line":217,"loc":{"start":{"line":217,"column":4},"end":{"line":224,"column":4}}},"11":{"name":"withdrawFees","line":230,"loc":{"start":{"line":230,"column":4},"end":{"line":233,"column":4}}},"12":{"name":"getProposalDetails","line":243,"loc":{"start":{"line":243,"column":4},"end":{"line":258,"column":4}}},"13":{"name":"getUserProposals","line":265,"loc":{"start":{"line":265,"column":4},"end":{"line":267,"column":4}}},"14":{"name":"getDAOStats","line":276,"loc":{"start":{"line":276,"column":4},"end":{"line":288,"column":4}}}},"statementMap":{"1":{"start":{"line":64,"column":8},"end":{"line":64,"column":83}},"2":{"start":{"line":69,"column":8},"end":{"line":69,"column":69}},"3":{"start":{"line":70,"column":8},"end":{"line":70,"column":69}},"4":{"start":{"line":89,"column":8},"end":{"line":89,"column":64}},"5":{"start":{"line":90,"column":8},"end":{"line":90,"column":72}},"6":{"start":{"line":91,"column":8},"end":{"line":91,"column":84}},"7":{"start":{"line":94,"column":8},"end":{"line":94,"column":44}},"8":{"start":{"line":97,"column":8},"end":{"line":97,"column":3555}},"9":{"start":{"line":108,"column":8},"end":{"line":108,"column":49}},"10":{"start":{"line":110,"column":8},"end":{"line":110,"column":3939}},"11":{"start":{"line":118,"column":8},"end":{"line":118,"column":25}},"12":{"start":{"line":126,"column":8},"end":{"line":126,"column":59}},"13":{"start":{"line":127,"column":8},"end":{"line":127,"column":95}},"14":{"start":{"line":132,"column":8},"end":{"line":132,"column":63}},"15":{"start":{"line":140,"column":8},"end":{"line":140,"column":78}},"16":{"start":{"line":142,"column":8},"end":{"line":142,"column":59}},"17":{"start":{"line":143,"column":8},"end":{"line":143,"column":94}},"18":{"start":{"line":146,"column":8},"end":{"line":146,"column":32}},"19":{"start":{"line":151,"column":8},"end":{"line":151,"column":5579}},"20":{"start":{"line":154,"column":8},"end":{"line":154,"column":67}},"21":{"start":{"line":155,"column":8},"end":{"line":155,"column":64}},"22":{"start":{"line":158,"column":8},"end":{"line":158,"column":97}},"23":{"start":{"line":161,"column":8},"end":{"line":161,"column":100}},"24":{"start":{"line":165,"column":8},"end":{"line":165,"column":85}},"25":{"start":{"line":183,"column":8},"end":{"line":183,"column":78}},"26":{"start":{"line":185,"column":8},"end":{"line":185,"column":59}},"27":{"start":{"line":186,"column":8},"end":{"line":186,"column":89}},"28":{"start":{"line":194,"column":8},"end":{"line":194,"column":58}},"29":{"start":{"line":195,"column":8},"end":{"line":195,"column":62}},"30":{"start":{"line":198,"column":8},"end":{"line":198,"column":38}},"31":{"start":{"line":206,"column":8},"end":{"line":206,"column":57}},"32":{"start":{"line":207,"column":8},"end":{"line":207,"column":59}},"33":{"start":{"line":210,"column":8},"end":{"line":210,"column":40}},"34":{"start":{"line":218,"column":8},"end":{"line":218,"column":58}},"35":{"start":{"line":220,"column":8},"end":{"line":220,"column":36}},"36":{"start":{"line":223,"column":8},"end":{"line":223,"column":47}},"37":{"start":{"line":231,"column":8},"end":{"line":231,"column":87}},"38":{"start":{"line":232,"column":8},"end":{"line":232,"column":73}},"39":{"start":{"line":249,"column":8},"end":{"line":249,"column":78}},"40":{"start":{"line":251,"column":8},"end":{"line":251,"column":59}},"41":{"start":{"line":252,"column":8},"end":{"line":252,"column":9492}},"42":{"start":{"line":266,"column":8},"end":{"line":266,"column":34}},"43":{"start":{"line":282,"column":8},"end":{"line":282,"column":10438}}},"branchMap":{"1":{"line":64,"type":"if","locations":[{"start":{"line":64,"column":8},"end":{"line":64,"column":8}},{"start":{"line":64,"column":8},"end":{"line":64,"column":8}}]},"2":{"line":64,"type":"cond-expr","locations":[{"start":{"line":64,"column":16},"end":{"line":64,"column":38}},{"start":{"line":64,"column":43},"end":{"line":64,"column":63}}]},"3":{"line":69,"type":"if","locations":[{"start":{"line":69,"column":8},"end":{"line":69,"column":8}},{"start":{"line":69,"column":8},"end":{"line":69,"column":8}}]},"4":{"line":70,"type":"if","locations":[{"start":{"line":70,"column":8},"end":{"line":70,"column":8}},{"start":{"line":70,"column":8},"end":{"line":70,"column":8}}]},"5":{"line":88,"type":"if","locations":[{"start":{"line":88,"column":15},"end":{"line":88,"column":15}},{"start":{"line":88,"column":15},"end":{"line":88,"column":15}}]},"6":{"line":89,"type":"if","locations":[{"start":{"line":89,"column":8},"end":{"line":89,"column":8}},{"start":{"line":89,"column":8},"end":{"line":89,"column":8}}]},"7":{"line":90,"type":"if","locations":[{"start":{"line":90,"column":8},"end":{"line":90,"column":8}},{"start":{"line":90,"column":8},"end":{"line":90,"column":8}}]},"8":{"line":91,"type":"if","locations":[{"start":{"line":91,"column":8},"end":{"line":91,"column":8}},{"start":{"line":91,"column":8},"end":{"line":91,"column":8}}]},"9":{"line":125,"type":"if","locations":[{"start":{"line":125,"column":50},"end":{"line":125,"column":50}},{"start":{"line":125,"column":50},"end":{"line":125,"column":50}}]},"10":{"line":126,"type":"if","locations":[{"start":{"line":126,"column":8},"end":{"line":126,"column":8}},{"start":{"line":126,"column":8},"end":{"line":126,"column":8}}]},"11":{"line":127,"type":"if","locations":[{"start":{"line":127,"column":8},"end":{"line":127,"column":8}},{"start":{"line":127,"column":8},"end":{"line":127,"column":8}}]},"12":{"line":139,"type":"if","locations":[{"start":{"line":139,"column":58},"end":{"line":139,"column":58}},{"start":{"line":139,"column":58},"end":{"line":139,"column":58}}]},"13":{"line":140,"type":"if","locations":[{"start":{"line":140,"column":8},"end":{"line":140,"column":8}},{"start":{"line":140,"column":8},"end":{"line":140,"column":8}}]},"14":{"line":143,"type":"if","locations":[{"start":{"line":143,"column":8},"end":{"line":143,"column":8}},{"start":{"line":143,"column":8},"end":{"line":143,"column":8}}]},"15":{"line":158,"type":"if","locations":[{"start":{"line":158,"column":8},"end":{"line":158,"column":8}},{"start":{"line":158,"column":8},"end":{"line":158,"column":8}}]},"16":{"line":161,"type":"if","locations":[{"start":{"line":161,"column":8},"end":{"line":161,"column":8}},{"start":{"line":161,"column":8},"end":{"line":161,"column":8}}]},"17":{"line":182,"type":"if","locations":[{"start":{"line":182,"column":15},"end":{"line":182,"column":15}},{"start":{"line":182,"column":15},"end":{"line":182,"column":15}}]},"18":{"line":183,"type":"if","locations":[{"start":{"line":183,"column":8},"end":{"line":183,"column":8}},{"start":{"line":183,"column":8},"end":{"line":183,"column":8}}]},"19":{"line":193,"type":"if","locations":[{"start":{"line":193,"column":54},"end":{"line":193,"column":54}},{"start":{"line":193,"column":54},"end":{"line":193,"column":54}}]},"20":{"line":194,"type":"if","locations":[{"start":{"line":194,"column":8},"end":{"line":194,"column":8}},{"start":{"line":194,"column":8},"end":{"line":194,"column":8}}]},"21":{"line":195,"type":"if","locations":[{"start":{"line":195,"column":8},"end":{"line":195,"column":8}},{"start":{"line":195,"column":8},"end":{"line":195,"column":8}}]},"22":{"line":205,"type":"if","locations":[{"start":{"line":205,"column":57},"end":{"line":205,"column":57}},{"start":{"line":205,"column":57},"end":{"line":205,"column":57}}]},"23":{"line":206,"type":"if","locations":[{"start":{"line":206,"column":8},"end":{"line":206,"column":8}},{"start":{"line":206,"column":8},"end":{"line":206,"column":8}}]},"24":{"line":207,"type":"if","locations":[{"start":{"line":207,"column":8},"end":{"line":207,"column":8}},{"start":{"line":207,"column":8},"end":{"line":207,"column":8}}]},"25":{"line":217,"type":"if","locations":[{"start":{"line":217,"column":56},"end":{"line":217,"column":56}},{"start":{"line":217,"column":56},"end":{"line":217,"column":56}}]},"26":{"line":218,"type":"if","locations":[{"start":{"line":218,"column":8},"end":{"line":218,"column":8}},{"start":{"line":218,"column":8},"end":{"line":218,"column":8}}]},"27":{"line":230,"type":"if","locations":[{"start":{"line":230,"column":51},"end":{"line":230,"column":51}},{"start":{"line":230,"column":51},"end":{"line":230,"column":51}}]},"28":{"line":231,"type":"if","locations":[{"start":{"line":231,"column":8},"end":{"line":231,"column":8}},{"start":{"line":231,"column":8},"end":{"line":231,"column":8}}]},"29":{"line":232,"type":"if","locations":[{"start":{"line":232,"column":8},"end":{"line":232,"column":8}},{"start":{"line":232,"column":8},"end":{"line":232,"column":8}}]},"30":{"line":249,"type":"if","locations":[{"start":{"line":249,"column":8},"end":{"line":249,"column":8}},{"start":{"line":249,"column":8},"end":{"line":249,"column":8}}]}}},"contracts\\ClimateToken.sol":{"l":{"29":20,"37":63,"38":62,"40":62,"41":62,"43":62,"53":0,"54":0,"64":0,"65":0,"73":0,"82":104,"91":0},"path":"C:\\Users\\ez\\Desktop\\climatedao\\contracts\\contracts\\ClimateToken.sol","s":{"1":20,"2":63,"3":62,"4":62,"5":62,"6":0,"7":0,"8":0,"9":0,"10":104,"11":0},"b":{"1":[62,1],"2":[62,0],"3":[0,0],"4":[0,0],"5":[0,0]},"f":{"1":20,"2":63,"3":0,"4":0,"5":0,"6":104,"7":0},"fnMap":{"1":{"name":"constructor","line":27,"loc":{"start":{"line":24,"column":4},"end":{"line":30,"column":4}}},"2":{"name":"claimTokens","line":36,"loc":{"start":{"line":36,"column":4},"end":{"line":44,"column":4}}},"3":{"name":"updateContributionScore","line":52,"loc":{"start":{"line":52,"column":4},"end":{"line":55,"column":4}}},"4":{"name":"mintForContribution","line":63,"loc":{"start":{"line":63,"column":4},"end":{"line":66,"column":4}}},"5":{"name":"burn","line":72,"loc":{"start":{"line":72,"column":4},"end":{"line":74,"column":4}}},"6":{"name":"_update","line":78,"loc":{"start":{"line":78,"column":4},"end":{"line":83,"column":4}}},"7":{"name":"nonces","line":85,"loc":{"start":{"line":85,"column":4},"end":{"line":92,"column":4}}}},"statementMap":{"1":{"start":{"line":29,"column":8},"end":{"line":29,"column":40}},"2":{"start":{"line":37,"column":8},"end":{"line":37,"column":65}},"3":{"start":{"line":38,"column":8},"end":{"line":38,"column":91}},"4":{"start":{"line":41,"column":8},"end":{"line":41,"column":37}},"5":{"start":{"line":43,"column":8},"end":{"line":43,"column":51}},"6":{"start":{"line":54,"column":8},"end":{"line":54,"column":50}},"7":{"start":{"line":64,"column":8},"end":{"line":64,"column":86}},"8":{"start":{"line":65,"column":8},"end":{"line":65,"column":26}},"9":{"start":{"line":73,"column":8},"end":{"line":73,"column":32}},"10":{"start":{"line":82,"column":8},"end":{"line":82,"column":37}},"11":{"start":{"line":91,"column":8},"end":{"line":91,"column":34}}},"branchMap":{"1":{"line":37,"type":"if","locations":[{"start":{"line":37,"column":8},"end":{"line":37,"column":8}},{"start":{"line":37,"column":8},"end":{"line":37,"column":8}}]},"2":{"line":38,"type":"if","locations":[{"start":{"line":38,"column":8},"end":{"line":38,"column":8}},{"start":{"line":38,"column":8},"end":{"line":38,"column":8}}]},"3":{"line":52,"type":"if","locations":[{"start":{"line":52,"column":75},"end":{"line":52,"column":75}},{"start":{"line":52,"column":75},"end":{"line":52,"column":75}}]},"4":{"line":63,"type":"if","locations":[{"start":{"line":63,"column":72},"end":{"line":63,"column":72}},{"start":{"line":63,"column":72},"end":{"line":63,"column":72}}]},"5":{"line":64,"type":"if","locations":[{"start":{"line":64,"column":8},"end":{"line":64,"column":8}},{"start":{"line":64,"column":8},"end":{"line":64,"column":8}}]}}},"contracts\\Proposal.sol":{"l":{"101":6,"102":6,"106":1,"107":1,"119":8,"120":8,"121":8,"122":8,"123":8,"124":8,"126":8,"127":8,"128":8,"130":8,"139":6,"140":6,"141":5,"142":5,"144":5,"145":5,"146":5,"148":5,"149":4,"151":1,"153":0,"156":5,"164":1,"166":1,"168":1,"169":0,"171":1,"173":0,"176":1,"177":1,"179":1,"187":1,"189":1,"190":1,"192":1,"200":0,"204":0,"206":0,"207":0,"209":0,"226":1,"227":1,"228":1,"229":1,"230":1,"232":1,"248":1,"263":1,"271":0,"272":0,"275":0,"276":0,"277":0,"280":0},"path":"C:\\Users\\ez\\Desktop\\climatedao\\contracts\\contracts\\Proposal.sol","s":{"1":6,"2":1,"3":8,"4":6,"5":6,"6":5,"7":5,"8":5,"9":1,"10":5,"11":1,"12":1,"13":1,"14":1,"15":1,"16":1,"17":1,"18":1,"19":1,"20":0,"21":0,"22":0,"23":0,"24":1,"25":1,"26":1,"27":0,"28":0,"29":0,"30":0,"31":0,"32":0},"b":{"1":[6,0],"2":[1,0],"3":[6,0],"4":[6,0],"5":[5,1],"6":[5,0],"7":[5,0],"8":[4,1],"9":[1,0],"10":[1,0],"11":[1,0],"12":[1,0],"13":[0,1],"14":[1,0],"15":[1,0],"16":[1,0],"17":[0,0],"18":[0,0],"19":[0,0],"20":[1,0],"21":[0,0],"22":[0,0]},"f":{"1":6,"2":1,"3":8,"4":6,"5":1,"6":1,"7":0,"8":1,"9":1,"10":1,"11":0},"fnMap":{"1":{"name":"onlyActiveProposal","line":100,"loc":{"start":{"line":100,"column":4},"end":{"line":103,"column":4}}},"2":{"name":"onlyAfterVoting","line":105,"loc":{"start":{"line":105,"column":4},"end":{"line":108,"column":4}}},"3":{"name":"constructor","line":118,"loc":{"start":{"line":110,"column":4},"end":{"line":131,"column":4}}},"4":{"name":"castVote","line":138,"loc":{"start":{"line":138,"column":4},"end":{"line":157,"column":4}}},"5":{"name":"executeProposal","line":163,"loc":{"start":{"line":163,"column":4},"end":{"line":180,"column":4}}},"6":{"name":"markAsExecuted","line":186,"loc":{"start":{"line":186,"column":4},"end":{"line":193,"column":4}}},"7":{"name":"cancelProposal","line":199,"loc":{"start":{"line":199,"column":4},"end":{"line":210,"column":4}}},"8":{"name":"updateImpactMetrics","line":225,"loc":{"start":{"line":220,"column":4},"end":{"line":233,"column":4}}},"9":{"name":"getVotingResults","line":242,"loc":{"start":{"line":242,"column":4},"end":{"line":254,"column":4}}},"10":{"name":"getUserVote","line":262,"loc":{"start":{"line":262,"column":4},"end":{"line":264,"column":4}}},"11":{"name":"hasPassed","line":270,"loc":{"start":{"line":270,"column":4},"end":{"line":281,"column":4}}}},"statementMap":{"1":{"start":{"line":101,"column":8},"end":{"line":101,"column":73}},"2":{"start":{"line":106,"column":8},"end":{"line":106,"column":83}},"3":{"start":{"line":130,"column":8},"end":{"line":130,"column":108}},"4":{"start":{"line":139,"column":8},"end":{"line":139,"column":50}},"5":{"start":{"line":140,"column":8},"end":{"line":140,"column":65}},"6":{"start":{"line":141,"column":8},"end":{"line":141,"column":80}},"7":{"start":{"line":142,"column":8},"end":{"line":142,"column":66}},"8":{"start":{"line":148,"column":8},"end":{"line":148,"column":4492}},"9":{"start":{"line":150,"column":15},"end":{"line":150,"column":4571}},"10":{"start":{"line":156,"column":8},"end":{"line":156,"column":61}},"11":{"start":{"line":164,"column":8},"end":{"line":164,"column":73}},"12":{"start":{"line":166,"column":8},"end":{"line":166,"column":32}},"13":{"start":{"line":168,"column":8},"end":{"line":168,"column":5144}},"14":{"start":{"line":170,"column":15},"end":{"line":170,"column":5256}},"15":{"start":{"line":176,"column":8},"end":{"line":176,"column":41}},"16":{"start":{"line":179,"column":8},"end":{"line":179,"column":68}},"17":{"start":{"line":187,"column":8},"end":{"line":187,"column":85}},"18":{"start":{"line":189,"column":8},"end":{"line":189,"column":41}},"19":{"start":{"line":192,"column":8},"end":{"line":192,"column":82}},"20":{"start":{"line":200,"column":8},"end":{"line":200,"column":6271}},"21":{"start":{"line":204,"column":8},"end":{"line":204,"column":73}},"22":{"start":{"line":206,"column":8},"end":{"line":206,"column":41}},"23":{"start":{"line":209,"column":8},"end":{"line":209,"column":83}},"24":{"start":{"line":232,"column":8},"end":{"line":232,"column":99}},"25":{"start":{"line":248,"column":8},"end":{"line":248,"column":8106}},"26":{"start":{"line":263,"column":8},"end":{"line":263,"column":73}},"27":{"start":{"line":271,"column":8},"end":{"line":271,"column":8875}},"28":{"start":{"line":272,"column":12},"end":{"line":272,"column":24}},"29":{"start":{"line":275,"column":8},"end":{"line":275,"column":82}},"30":{"start":{"line":276,"column":8},"end":{"line":276,"column":9063}},"31":{"start":{"line":277,"column":12},"end":{"line":277,"column":24}},"32":{"start":{"line":280,"column":8},"end":{"line":280,"column":82}}},"branchMap":{"1":{"line":101,"type":"if","locations":[{"start":{"line":101,"column":8},"end":{"line":101,"column":8}},{"start":{"line":101,"column":8},"end":{"line":101,"column":8}}]},"2":{"line":106,"type":"if","locations":[{"start":{"line":106,"column":8},"end":{"line":106,"column":8}},{"start":{"line":106,"column":8},"end":{"line":106,"column":8}}]},"3":{"line":138,"type":"if","locations":[{"start":{"line":138,"column":61},"end":{"line":138,"column":61}},{"start":{"line":138,"column":61},"end":{"line":138,"column":61}}]},"4":{"line":139,"type":"if","locations":[{"start":{"line":139,"column":8},"end":{"line":139,"column":8}},{"start":{"line":139,"column":8},"end":{"line":139,"column":8}}]},"5":{"line":140,"type":"if","locations":[{"start":{"line":140,"column":8},"end":{"line":140,"column":8}},{"start":{"line":140,"column":8},"end":{"line":140,"column":8}}]},"6":{"line":141,"type":"if","locations":[{"start":{"line":141,"column":8},"end":{"line":141,"column":8}},{"start":{"line":141,"column":8},"end":{"line":141,"column":8}}]},"7":{"line":142,"type":"if","locations":[{"start":{"line":142,"column":8},"end":{"line":142,"column":8}},{"start":{"line":142,"column":8},"end":{"line":142,"column":8}}]},"8":{"line":148,"type":"if","locations":[{"start":{"line":148,"column":8},"end":{"line":148,"column":8}},{"start":{"line":148,"column":8},"end":{"line":148,"column":8}}]},"9":{"line":150,"type":"if","locations":[{"start":{"line":150,"column":15},"end":{"line":150,"column":15}},{"start":{"line":150,"column":15},"end":{"line":150,"column":15}}]},"10":{"line":163,"type":"if","locations":[{"start":{"line":163,"column":40},"end":{"line":163,"column":40}},{"start":{"line":163,"column":40},"end":{"line":163,"column":40}}]},"11":{"line":163,"type":"if","locations":[{"start":{"line":163,"column":56},"end":{"line":163,"column":56}},{"start":{"line":163,"column":56},"end":{"line":163,"column":56}}]},"12":{"line":164,"type":"if","locations":[{"start":{"line":164,"column":8},"end":{"line":164,"column":8}},{"start":{"line":164,"column":8},"end":{"line":164,"column":8}}]},"13":{"line":168,"type":"if","locations":[{"start":{"line":168,"column":8},"end":{"line":168,"column":8}},{"start":{"line":168,"column":8},"end":{"line":168,"column":8}}]},"14":{"line":170,"type":"if","locations":[{"start":{"line":170,"column":15},"end":{"line":170,"column":15}},{"start":{"line":170,"column":15},"end":{"line":170,"column":15}}]},"15":{"line":186,"type":"if","locations":[{"start":{"line":186,"column":39},"end":{"line":186,"column":39}},{"start":{"line":186,"column":39},"end":{"line":186,"column":39}}]},"16":{"line":187,"type":"if","locations":[{"start":{"line":187,"column":8},"end":{"line":187,"column":8}},{"start":{"line":187,"column":8},"end":{"line":187,"column":8}}]},"17":{"line":200,"type":"if","locations":[{"start":{"line":200,"column":8},"end":{"line":200,"column":8}},{"start":{"line":200,"column":8},"end":{"line":200,"column":8}}]},"18":{"line":201,"type":"cond-expr","locations":[{"start":{"line":201,"column":12},"end":{"line":201,"column":33}},{"start":{"line":201,"column":38},"end":{"line":201,"column":58}}]},"19":{"line":204,"type":"if","locations":[{"start":{"line":204,"column":8},"end":{"line":204,"column":8}},{"start":{"line":204,"column":8},"end":{"line":204,"column":8}}]},"20":{"line":225,"type":"if","locations":[{"start":{"line":225,"column":15},"end":{"line":225,"column":15}},{"start":{"line":225,"column":15},"end":{"line":225,"column":15}}]},"21":{"line":271,"type":"if","locations":[{"start":{"line":271,"column":8},"end":{"line":271,"column":8}},{"start":{"line":271,"column":8},"end":{"line":271,"column":8}}]},"22":{"line":276,"type":"if","locations":[{"start":{"line":276,"column":8},"end":{"line":276,"column":8}},{"start":{"line":276,"column":8},"end":{"line":276,"column":8}}]}}}}